<?xml version="1.0" encoding="UTF-8"?>
<testng-results ignored="0" total="2" passed="2" failed="0" skipped="0">
  <reporter-output>
  </reporter-output>
  <suite started-at="2021-12-02T19:48:14Z" name="Default suite" finished-at="2021-12-02T19:48:33Z" duration-ms="18822">
    <groups>
    </groups>
    <test started-at="2021-12-02T19:48:14Z" name="Default test" finished-at="2021-12-02T19:48:33Z" duration-ms="18822">
      <class name="com.testng.class01.LoginTest">
        <test-method is-config="true" signature="setUp()[pri:0, instance:com.testng.class01.LoginTest@455b6df1]" started-at="2021-12-02T19:48:14Z" name="setUp" finished-at="2021-12-02T19:48:21Z" duration-ms="6747" status="PASS">
          <reporter-output>
          </reporter-output>
        </test-method> <!-- setUp -->
        <test-method signature="verifyUserCanAbleToLogin()[pri:0, instance:com.testng.class01.LoginTest@455b6df1]" started-at="2021-12-02T19:48:21Z" name="verifyUserCanAbleToLogin" finished-at="2021-12-02T19:48:26Z" duration-ms="4838" status="PASS">
          <reporter-output>
          </reporter-output>
        </test-method> <!-- verifyUserCanAbleToLogin -->
        <test-method is-config="true" signature="cleanUp()[pri:0, instance:com.testng.class01.LoginTest@455b6df1]" started-at="2021-12-02T19:48:26Z" name="cleanUp" finished-at="2021-12-02T19:48:26Z" duration-ms="187" status="PASS">
          <reporter-output>
          </reporter-output>
        </test-method> <!-- cleanUp -->
        <test-method is-config="true" signature="setUp()[pri:0, instance:com.testng.class01.LoginTest@455b6df1]" started-at="2021-12-02T19:48:26Z" name="setUp" finished-at="2021-12-02T19:48:32Z" duration-ms="5789" status="PASS">
          <reporter-output>
          </reporter-output>
        </test-method> <!-- setUp -->
        <test-method signature="verifyUserCannotAbleToLoginWithInvalidCred()[pri:0, instance:com.testng.class01.LoginTest@455b6df1]" started-at="2021-12-02T19:48:32Z" name="verifyUserCannotAbleToLoginWithInvalidCred" finished-at="2021-12-02T19:48:33Z" duration-ms="1161" status="PASS">
          <reporter-output>
          </reporter-output>
        </test-method> <!-- verifyUserCannotAbleToLoginWithInvalidCred -->
        <test-method is-config="true" signature="cleanUp()[pri:0, instance:com.testng.class01.LoginTest@455b6df1]" started-at="2021-12-02T19:48:33Z" name="cleanUp" finished-at="2021-12-02T19:48:33Z" duration-ms="59" status="PASS">
          <reporter-output>
          </reporter-output>
        </test-method> <!-- cleanUp -->
      </class> <!-- com.testng.class01.LoginTest -->
    </test> <!-- Default test -->
  </suite> <!-- Default suite -->
</testng-results>
